<?xml version="1.0" encoding="UTF-8"?>
<testsuite name="kr.co.velnova.firebase.FirebaseApplicationTests" tests="1" skipped="0" failures="0" errors="0" timestamp="2021-05-12T08:32:12" hostname="NOTEBOOK-OHYOUNGWOOK.localdomain" time="1.081">
  <properties/>
  <testcase name="auth()" classname="kr.co.velnova.firebase.FirebaseApplicationTests" time="1.081"/>
  <system-out><![CDATA[2021-05-12 17:32:10.437  INFO   --- [    Test worker] .b.t.c.SpringBootTestContextBootstrapper : Neither @ContextConfiguration nor @ContextHierarchy found for test class [kr.co.velnova.firebase.FirebaseApplicationTests], using SpringBootContextLoader
2021-05-12 17:32:10.452  INFO   --- [    Test worker] o.s.t.c.support.AbstractContextLoader    : Could not detect default resource locations for test class [kr.co.velnova.firebase.FirebaseApplicationTests]: no resource found for suffixes {-context.xml, Context.groovy}.
2021-05-12 17:32:10.457  INFO   --- [    Test worker] t.c.s.AnnotationConfigContextLoaderUtils : Could not detect default configuration classes for test class [kr.co.velnova.firebase.FirebaseApplicationTests]: FirebaseApplicationTests does not declare any static, non-private, non-final, nested classes annotated with @Configuration.
2021-05-12 17:32:10.596  INFO   --- [    Test worker] .b.t.c.SpringBootTestContextBootstrapper : Found @SpringBootConfiguration kr.co.velnova.firebase.FirebaseApplication for test class kr.co.velnova.firebase.FirebaseApplicationTests
2021-05-12 17:32:10.717  INFO   --- [    Test worker] .b.t.c.SpringBootTestContextBootstrapper : Loaded default TestExecutionListener class names from location [META-INF/spring.factories]: [org.springframework.boot.test.autoconfigure.restdocs.RestDocsTestExecutionListener, org.springframework.boot.test.autoconfigure.web.client.MockRestServiceServerResetTestExecutionListener, org.springframework.boot.test.autoconfigure.web.servlet.MockMvcPrintOnlyOnFailureTestExecutionListener, org.springframework.boot.test.autoconfigure.web.servlet.WebDriverTestExecutionListener, org.springframework.boot.test.autoconfigure.webservices.client.MockWebServiceServerTestExecutionListener, org.springframework.boot.test.mock.mockito.MockitoTestExecutionListener, org.springframework.boot.test.mock.mockito.ResetMocksTestExecutionListener, org.springframework.test.context.web.ServletTestExecutionListener, org.springframework.test.context.support.DirtiesContextBeforeModesTestExecutionListener, org.springframework.test.context.event.ApplicationEventsTestExecutionListener, org.springframework.test.context.support.DependencyInjectionTestExecutionListener, org.springframework.test.context.support.DirtiesContextTestExecutionListener, org.springframework.test.context.transaction.TransactionalTestExecutionListener, org.springframework.test.context.jdbc.SqlScriptsTestExecutionListener, org.springframework.test.context.event.EventPublishingTestExecutionListener]
2021-05-12 17:32:10.736  INFO   --- [    Test worker] .b.t.c.SpringBootTestContextBootstrapper : Using TestExecutionListeners: [org.springframework.test.context.web.ServletTestExecutionListener@419bc7f3, org.springframework.test.context.support.DirtiesContextBeforeModesTestExecutionListener@312a61bf, org.springframework.test.context.event.ApplicationEventsTestExecutionListener@281f2cdb, org.springframework.boot.test.mock.mockito.MockitoTestExecutionListener@1967a987, org.springframework.boot.test.autoconfigure.SpringBootDependencyInjectionTestExecutionListener@65c4107, org.springframework.test.context.support.DirtiesContextTestExecutionListener@6499ffea, org.springframework.test.context.event.EventPublishingTestExecutionListener@35b16e56, org.springframework.boot.test.autoconfigure.restdocs.RestDocsTestExecutionListener@113ec2f6, org.springframework.boot.test.autoconfigure.web.client.MockRestServiceServerResetTestExecutionListener@758eedaf, org.springframework.boot.test.autoconfigure.web.servlet.MockMvcPrintOnlyOnFailureTestExecutionListener@5ec33a5b, org.springframework.boot.test.autoconfigure.web.servlet.WebDriverTestExecutionListener@603e3c0b, org.springframework.boot.test.autoconfigure.webservices.client.MockWebServiceServerTestExecutionListener@7f07b88, org.springframework.boot.test.mock.mockito.ResetMocksTestExecutionListener@5910d4c]

  .   ____          _            __ _ _
 /\\ / ___'_ __ _ _(_)_ __  __ _ \ \ \ \
( ( )\___ | '_ | '_| | '_ \/ _` | \ \ \ \
 \\/  ___)| |_)| | | | | || (_| |  ) ) ) )
  '  |____| .__|_| |_|_| |_\__, | / / / /
 =========|_|==============|___/=/_/_/_/
 :: Spring Boot ::                (v2.4.5)

2021-05-12 17:32:11.088  INFO 55396 --- [    Test worker] k.c.v.firebase.FirebaseApplicationTests  : Starting FirebaseApplicationTests using Java 11.0.11 on NOTEBOOK-OHYOUNGWOOK.localdomain with PID 55396 (started by blocko in /Users/blocko/IdeaProjects/firebase)
2021-05-12 17:32:11.089 DEBUG 55396 --- [    Test worker] k.c.v.firebase.FirebaseApplicationTests  : Running with Spring Boot v2.4.5, Spring v5.3.6
2021-05-12 17:32:11.091  INFO 55396 --- [    Test worker] k.c.v.firebase.FirebaseApplicationTests  : No active profile set, falling back to default profiles: default
2021-05-12 17:32:12.373  INFO 55396 --- [    Test worker] o.s.s.concurrent.ThreadPoolTaskExecutor  : Initializing ExecutorService 'applicationTaskExecutor'
2021-05-12 17:32:12.742  INFO 55396 --- [    Test worker] k.c.v.firebase.FirebaseApplicationTests  : Started FirebaseApplicationTests in 1.953 seconds (JVM running for 3.887)
bearerToken = eyJhbGciOiJSUzI1NiIsImtpZCI6IjUzNmRhZWFiZjhkZDY1ZDRkZTIxZTgyNGI4OTlhMWYzZGEyZjg5NTgiLCJ0eXAiOiJKV1QifQ.eyJpc3MiOiJodHRwczovL3NlY3VyZXRva2VuLmdvb2dsZS5jb20vcGlra2xlLWJmODZlIiwiYXVkIjoicGlra2xlLWJmODZlIiwiYXV0aF90aW1lIjoxNjIwODA2MTk0LCJ1c2VyX2lkIjoiYTNzdHMwQlNkS2FsRXY1WE5aQUE5OVNYMWx3MSIsInN1YiI6ImEzc3RzMEJTZEthbEV2NVhOWkFBOTlTWDFsdzEiLCJpYXQiOjE2MjA4MDYxOTUsImV4cCI6MTYyMDgwOTc5NSwiZW1haWwiOiJodW5AYWVyZ28uaW8iLCJlbWFpbF92ZXJpZmllZCI6ZmFsc2UsImZpcmViYXNlIjp7ImlkZW50aXRpZXMiOnsiZW1haWwiOlsiaHVuQGFlcmdvLmlvIl19LCJzaWduX2luX3Byb3ZpZGVyIjoicGFzc3dvcmQifX0.JEP7vXgqs2zoChvRUDq2hJ8b38SXaPSsa4JDMcP3Cu079UEczfWjElDYGhpdGG0yp32gVMbG-dC5kkvTkkZAuVUNqdcquJ-LwcPeaz6wZ0pkVm2cbiZviGtn6WbRqi65W-JqOhvGYIhoxf7kSu4vqmhRiifduOJU4Hzo-39LExoYltcvQdNHrKgCWUy61ACuK2JXm41_Dul6ybpe-DC7r-27h59FyvrrEuEvNBsnc0vIIGVHCCgw7wmKu-nX00Oa2pYLLYlOoX9X3BEkaTs62yWMhSc3pegvNircY3IwVKF-MtwTQ-ztDuE4z25NuUX6RlphQ0teZ95hvG7MiV-YyQ
claims = {aud=pikkle-bf86e, auth_time=1620806194, exp=1620809795, iat=1620806195, iss=https://securetoken.google.com/pikkle-bf86e, sub=a3sts0BSdKalEv5XNZAA99SX1lw1, user_id=a3sts0BSdKalEv5XNZAA99SX1lw1, email=hun@aergo.io, email_verified=false, firebase={identities={email=[hun@aergo.io]}, sign_in_provider=password}}
uid = a3sts0BSdKalEv5XNZAA99SX1lw1
]]></system-out>
  <system-err><![CDATA[]]></system-err>
</testsuite>
